MPI_HOSTS =  -np 128 -hosts cnode1042,cnode1077,cnode1088,cnode1102,cnode1106,cnode1185,cnode2067,cnode2069 
libibverbs: Warning: no userspace device-specific driver found for /sys/class/infiniband_verbs/uverbs0
libibverbs: Warning: no userspace device-specific driver found for /sys/class/infiniband_verbs/uverbs0
libibverbs: Warning: no userspace device-specific driver found for /sys/class/infiniband_verbs/uverbs0
libibverbs: Warning: no userspace device-specific driver found for /sys/class/infiniband_verbs/uverbs0
libibverbs: Warning: no userspace device-specific driver found for /sys/class/infiniband_verbs/uverbs0
libibverbs: Warning: no userspace device-specific driver found for /sys/class/infiniband_verbs/uverbs0
libibverbs: Warning: no userspace device-specific driver found for /sys/class/infiniband_verbs/uverbs0
libibverbs: Warning: no userspace device-specific driver found for /sys/class/infiniband_verbs/uverbs0
libibverbs: Warning: no userspace device-specific driver found for /sys/class/infiniband_verbs/uverbs0
libibverbs: Warning: no userspace device-specific driver found for /sys/class/infiniband_verbs/uverbs0
libibverbs: Warning: no userspace device-specific driver found for /sys/class/infiniband_verbs/uverbs0
libibverbs: Warning: no userspace device-specific driver found for /sys/class/infiniband_verbs/uverbs0
libibverbs: Warning: no userspace device-specific driver found for /sys/class/infiniband_verbs/uverbs0
libibverbs: Warning: no userspace device-specific driver found for /sys/class/infiniband_verbs/uverbs0
libibverbs: Warning: no userspace device-specific driver found for /sys/class/infiniband_verbs/uverbs0
libibverbs: Warning: no userspace device-specific driver found for /sys/class/infiniband_verbs/uverbs0
libibverbs: Warning: no userspace device-specific driver found for /sys/class/infiniband_verbs/uverbs0
libibverbs: Warning: no userspace device-specific driver found for /sys/class/infiniband_verbs/uverbs0
libibverbs: Warning: no userspace device-specific driver found for /sys/class/infiniband_verbs/uverbs0
libibverbs: Warning: no userspace device-specific driver found for /sys/class/infiniband_verbs/uverbs0
libibverbs: Warning: no userspace device-specific driver found for /sys/class/infiniband_verbs/uverbs0
libibverbs: Warning: no userspace device-specific driver found for /sys/class/infiniband_verbs/uverbs0
libibverbs: Warning: no userspace device-specific driver found for /sys/class/infiniband_verbs/uverbs0
libibverbs: Warning: no userspace device-specific driver found for /sys/class/infiniband_verbs/uverbs0
libibverbs: Warning: no userspace device-specific driver found for /sys/class/infiniband_verbs/uverbs0
libibverbs: Warning: no userspace device-specific driver found for /sys/class/infiniband_verbs/uverbs0
libibverbs: Warning: no userspace device-specific driver found for /sys/class/infiniband_verbs/uverbs0
libibverbs: Warning: no userspace device-specific driver found for /sys/class/infiniband_verbs/uverbs0
libibverbs: Warning: no userspace device-specific driver found for /sys/class/infiniband_verbs/uverbs0
libibverbs: Warning: no userspace device-specific driver found for /sys/class/infiniband_verbs/uverbs0
libibverbs: Warning: no userspace device-specific driver found for /sys/class/infiniband_verbs/uverbs0
libibverbs: Warning: no userspace device-specific driver found for /sys/class/infiniband_verbs/uverbs0
libibverbs: Warning: no userspace device-specific driver found for /sys/class/infiniband_verbs/uverbs0
libibverbs: Warning: no userspace device-specific driver found for /sys/class/infiniband_verbs/uverbs0
libibverbs: Warning: no userspace device-specific driver found for /sys/class/infiniband_verbs/uverbs0
libibverbs: Warning: no userspace device-specific driver found for /sys/class/infiniband_verbs/uverbs0
libibverbs: Warning: no userspace device-specific driver found for /sys/class/infiniband_verbs/uverbs0
libibverbs: Warning: no userspace device-specific driver found for /sys/class/infiniband_verbs/uverbs0
libibverbs: Warning: no userspace device-specific driver found for /sys/class/infiniband_verbs/uverbs0
libibverbs: Warning: no userspace device-specific driver found for /sys/class/infiniband_verbs/uverbs0
libibverbs: Warning: no userspace device-specific driver found for /sys/class/infiniband_verbs/uverbs0
libibverbs: Warning: no userspace device-specific driver found for /sys/class/infiniband_verbs/uverbs0
libibverbs: Warning: no userspace device-specific driver found for /sys/class/infiniband_verbs/uverbs0
libibverbs: Warning: no userspace device-specific driver found for /sys/class/infiniband_verbs/uverbs0
libibverbs: Warning: no userspace device-specific driver found for /sys/class/infiniband_verbs/uverbs0
libibverbs: Warning: no userspace device-specific driver found for /sys/class/infiniband_verbs/uverbs0
libibverbs: Warning: no userspace device-specific driver found for /sys/class/infiniband_verbs/uverbs0
libibverbs: Warning: no userspace device-specific driver found for /sys/class/infiniband_verbs/uverbs0
libibverbs: Warning: no userspace device-specific driver found for /sys/class/infiniband_verbs/uverbs0
libibverbs: Warning: no userspace device-specific driver found for /sys/class/infiniband_verbs/uverbs0
libibverbs: Warning: no userspace device-specific driver found for /sys/class/infiniband_verbs/uverbs0
libibverbs: Warning: no userspace device-specific driver found for /sys/class/infiniband_verbs/uverbs0
libibverbs: Warning: no userspace device-specific driver found for /sys/class/infiniband_verbs/uverbs0
libibverbs: Warning: no userspace device-specific driver found for /sys/class/infiniband_verbs/uverbs0
libibverbs: Warning: no userspace device-specific driver found for /sys/class/infiniband_verbs/uverbs0
libibverbs: Warning: no userspace device-specific driver found for /sys/class/infiniband_verbs/uverbs0
libibverbs: Warning: no userspace device-specific driver found for /sys/class/infiniband_verbs/uverbs0
libibverbs: Warning: no userspace device-specific driver found for /sys/class/infiniband_verbs/uverbs0
libibverbs: Warning: no userspace device-specific driver found for /sys/class/infiniband_verbs/uverbs0
libibverbs: Warning: no userspace device-specific driver found for /sys/class/infiniband_verbs/uverbs0
libibverbs: Warning: no userspace device-specific driver found for /sys/class/infiniband_verbs/uverbs0
libibverbs: Warning: no userspace device-specific driver found for /sys/class/infiniband_verbs/uverbs0
libibverbs: Warning: no userspace device-specific driver found for /sys/class/infiniband_verbs/uverbs0
libibverbs: Warning: no userspace device-specific driver found for /sys/class/infiniband_verbs/uverbs0
libibverbs: Warning: no userspace device-specific driver found for /sys/class/infiniband_verbs/uverbs0
libibverbs: Warning: no userspace device-specific driver found for /sys/class/infiniband_verbs/uverbs0
libibverbs: Warning: no userspace device-specific driver found for /sys/class/infiniband_verbs/uverbs0
libibverbs: Warning: no userspace device-specific driver found for /sys/class/infiniband_verbs/uverbs0
libibverbs: Warning: no userspace device-specific driver found for /sys/class/infiniband_verbs/uverbs0
libibverbs: Warning: no userspace device-specific driver found for /sys/class/infiniband_verbs/uverbs0
libibverbs: Warning: no userspace device-specific driver found for /sys/class/infiniband_verbs/uverbs0
libibverbs: Warning: no userspace device-specific driver found for /sys/class/infiniband_verbs/uverbs0
libibverbs: Warning: no userspace device-specific driver found for /sys/class/infiniband_verbs/uverbs0
libibverbs: Warning: no userspace device-specific driver found for /sys/class/infiniband_verbs/uverbs0
libibverbs: Warning: no userspace device-specific driver found for /sys/class/infiniband_verbs/uverbs0
libibverbs: Warning: no userspace device-specific driver found for /sys/class/infiniband_verbs/uverbs0
libibverbs: Warning: no userspace device-specific driver found for /sys/class/infiniband_verbs/uverbs0
libibverbs: Warning: no userspace device-specific driver found for /sys/class/infiniband_verbs/uverbs0
libibverbs: Warning: no userspace device-specific driver found for /sys/class/infiniband_verbs/uverbs0
libibverbs: Warning: no userspace device-specific driver found for /sys/class/infiniband_verbs/uverbs0
libibverbs: Warning: no userspace device-specific driver found for /sys/class/infiniband_verbs/uverbs0
libibverbs: Warning: no userspace device-specific driver found for /sys/class/infiniband_verbs/uverbs0
libibverbs: Warning: no userspace device-specific driver found for /sys/class/infiniband_verbs/uverbs0
libibverbs: Warning: no userspace device-specific driver found for /sys/class/infiniband_verbs/uverbs0
libibverbs: Warning: no userspace device-specific driver found for /sys/class/infiniband_verbs/uverbs0
libibverbs: Warning: no userspace device-specific driver found for /sys/class/infiniband_verbs/uverbs0
libibverbs: Warning: no userspace device-specific driver found for /sys/class/infiniband_verbs/uverbs0
libibverbs: Warning: no userspace device-specific driver found for /sys/class/infiniband_verbs/uverbs0
libibverbs: Warning: no userspace device-specific driver found for /sys/class/infiniband_verbs/uverbs0
libibverbs: Warning: no userspace device-specific driver found for /sys/class/infiniband_verbs/uverbs0
libibverbs: Warning: no userspace device-specific driver found for /sys/class/infiniband_verbs/uverbs0
libibverbs: Warning: no userspace device-specific driver found for /sys/class/infiniband_verbs/uverbs0
libibverbs: Warning: no userspace device-specific driver found for /sys/class/infiniband_verbs/uverbs0
libibverbs: Warning: no userspace device-specific driver found for /sys/class/infiniband_verbs/uverbs0
libibverbs: Warning: no userspace device-specific driver found for /sys/class/infiniband_verbs/uverbs0
libibverbs: Warning: no userspace device-specific driver found for /sys/class/infiniband_verbs/uverbs0
libibverbs: Warning: no userspace device-specific driver found for /sys/class/infiniband_verbs/uverbs0
libibverbs: Warning: no userspace device-specific driver found for /sys/class/infiniband_verbs/uverbs0
libibverbs: Warning: no userspace device-specific driver found for /sys/class/infiniband_verbs/uverbs0
libibverbs: Warning: no userspace device-specific driver found for /sys/class/infiniband_verbs/uverbs0
libibverbs: Warning: no userspace device-specific driver found for /sys/class/infiniband_verbs/uverbs0
libibverbs: Warning: no userspace device-specific driver found for /sys/class/infiniband_verbs/uverbs0
libibverbs: Warning: no userspace device-specific driver found for /sys/class/infiniband_verbs/uverbs0
libibverbs: Warning: no userspace device-specific driver found for /sys/class/infiniband_verbs/uverbs0
libibverbs: Warning: no userspace device-specific driver found for /sys/class/infiniband_verbs/uverbs0
libibverbs: Warning: no userspace device-specific driver found for /sys/class/infiniband_verbs/uverbs0
libibverbs: Warning: no userspace device-specific driver found for /sys/class/infiniband_verbs/uverbs0
libibverbs: Warning: no userspace device-specific driver found for /sys/class/infiniband_verbs/uverbs0
libibverbs: Warning: no userspace device-specific driver found for /sys/class/infiniband_verbs/uverbs0
libibverbs: Warning: no userspace device-specific driver found for /sys/class/infiniband_verbs/uverbs0
libibverbs: Warning: no userspace device-specific driver found for /sys/class/infiniband_verbs/uverbs0
libibverbs: Warning: no userspace device-specific driver found for /sys/class/infiniband_verbs/uverbs0
libibverbs: Warning: no userspace device-specific driver found for /sys/class/infiniband_verbs/uverbs0
libibverbs: Warning: no userspace device-specific driver found for /sys/class/infiniband_verbs/uverbs0
libibverbs: Warning: no userspace device-specific driver found for /sys/class/infiniband_verbs/uverbs0
libibverbs: Warning: no userspace device-specific driver found for /sys/class/infiniband_verbs/uverbs0
libibverbs: Warning: no userspace device-specific driver found for /sys/class/infiniband_verbs/uverbs0
libibverbs: Warning: no userspace device-specific driver found for /sys/class/infiniband_verbs/uverbs0
libibverbs: Warning: no userspace device-specific driver found for /sys/class/infiniband_verbs/uverbs0
libibverbs: Warning: no userspace device-specific driver found for /sys/class/infiniband_verbs/uverbs0
libibverbs: Warning: no userspace device-specific driver found for /sys/class/infiniband_verbs/uverbs0
libibverbs: Warning: no userspace device-specific driver found for /sys/class/infiniband_verbs/uverbs0
libibverbs: Warning: no userspace device-specific driver found for /sys/class/infiniband_verbs/uverbs0
libibverbs: Warning: no userspace device-specific driver found for /sys/class/infiniband_verbs/uverbs0
libibverbs: Warning: no userspace device-specific driver found for /sys/class/infiniband_verbs/uverbs0
libibverbs: Warning: no userspace device-specific driver found for /sys/class/infiniband_verbs/uverbs0
libibverbs: Warning: no userspace device-specific driver found for /sys/class/infiniband_verbs/uverbs0
libibverbs: Warning: no userspace device-specific driver found for /sys/class/infiniband_verbs/uverbs0
Seed for process Seed for process 112: 767989791
0: 1067326494
Seed for process Seed for process Seed for process 88: Seed for process 26: 3875740956
3459919299
Seed for process 50: 1742910402
Seed for process 24: Seed for process 58: 1488408859
1277925216Seed for process 74: 805101371

Seed for process 40: 3476262335
8: 3318041241
10: Seed for process 106: 3768072494
2689168410
Seed for process 34: 3225877186
Seed for process 18: 3356544373
Seed for process Seed for process 66: 2271196901
Seed for process 82: 80096785
42: 2002885944
Seed for process 120: 1883254980
Seed for process Seed for process 48: Seed for process 56: 3046014399Seed for process 104: 3638511640
2221886782

Seed for process 96: 3318849432
Seed for process 64: 2281899418
Seed for process 72: 2031211216
32Seed for process 90: 3068475997Seed for process 80: 2193780810
Seed for process : 
Seed for process 98: 294964609
2680104345114: 
Seed for process 122: 112847526
Seed for process 2: 1291764629
3488162126
Seed for process 27: 3006755207
Seed for process 67: 1429313565
Seed for process 75: 2606051253
Seed for process 83: 1625659359
Seed for process 99: 2513101818
Seed for process 123: 242912423
Seed for process 3: 898430618
Seed for process 11: 543205161
Seed for process 19: 2671816017
Seed for process 35: 4094068945
Seed for process 43: 1639636080
Seed for process 51: 4102240227
Seed for process 59: 3904641652
Seed for process 107: 51763911
Seed for process 115: 3163150620
Seed for process 91: 932528
Seed for process Seed for process 6: 3531816470Seed for process 14: 710233703
Seed for process 46: 389834700
Seed for process 78: 2669901820
Seed for process 94: 844653096
16: Seed for process 110: 916240393
Seed for process 126: 2360582973

Seed for process 30: 2138338409
Seed for process 38: 3244414526
Seed for process 54: 385162485
Seed for process 62: 1351123061
Seed for process 70: 3913806213
Seed for process 86: 3660193119
Seed for process 102: 3986033026
Seed for process 118: 2940974931
Seed for process 22: 270063267
491896410
Seed for process Seed for process 84: 505053324
Seed for process 92: 2293066986
Seed for process 12: 1757820147
Seed for process 28: 1414463123
Seed for process 36: 1287875446
Seed for process 44: 2882621532
Seed for process 52: 2502859179
Seed for process 60: 2050166230
Seed for process 68: 2230446801
Seed for process 100: 3625452853
Seed for process 108: 3838636872
4: 4016364102
Seed for process 116: 112330340
Seed for process Seed for process 76: 4098590461
Seed for process 124: 491924579
20: 3016768063
Seed for process 15: 3795705267
Seed for process 23: 4181320689
Seed for process 31: 2394130432
Seed for process 39: 407639628
Seed for process 47: 1179340695
Seed for process 55: 796708539
Seed for process 63: 1587359835
Seed for process 71: 572788103
Seed for process 79: 2357184188
Seed for process 87: 2426414650
Seed for process 95: 1373197473
Seed for process 103: 2911040784
Seed for process 111: 3230399319
Seed for process 119: 782309536
Seed for process 127: 1806685709
Seed for process 7: 1740131061
Seed for process 1: 2237493220
Seed for process 9: 1032837494
Seed for process 17: 631589335
Seed for process 25: 1726904354
Seed for process 41: 549718064
Seed for process 49: 156373911
Seed for process 57: 339406687
Seed for process 65: 3681412418
Seed for process 73: 3031347380
Seed for process 81: 2411276954
Seed for process 89: 1798018512
Seed for process 97: 747477029
Seed for process 105: 3259375347
Seed for process 113: 2078704669
Seed for process 121: 44575915
Seed for process 33: 1836582173
Seed for process 5: 865610477
Seed for process 53: 3904255282
Seed for process Seed for process 69: 778415097
Seed for process 85: 2301503875
Seed for process 93: 792832851
Seed for process 101: 297832922
Seed for process 109: 35063739
Seed for process 13: 2845412599
Seed for process 21: 1090625356
Seed for process 29: 3337346480
Seed for process 37: 1976251595
Seed for process 45: 1353165918
Seed for process 77: 769548799
Seed for process 117: 4115067384
Seed for process 125: 1206666744
61: 2999254011
