MPI_HOSTS =  -np 128 -hosts cnode2065,cnode2066,cnode2067,cnode2068,cnode2079,cnode2080,cnode2081,cnode2082 
Seed for process 80: 1583535559
Seed for process Seed for process 8: 493718384
0Seed for process : Seed for process 83: 2284318192
Seed for process 40: Seed for process 5: 1640497812
27340471223
Seed for process : 1252260541453603113605
: 2339373764

Seed for process 3: 2195992359
Seed for process Seed for process 35: 3086733608
Seed for process 43: 1347925989
Seed for process 11: 2827879901
19Seed for process : Seed for process 61: 1040837568929838865

Seed for process 69: 2641207631Seed for process 53: 409673064Seed for process 
Seed for process 
12310421Seed for process 51: 1989553333
Seed for process 48: 2636785372: : 
30804745424197743863: 
1892048993Seed for process 

37: Seed for process 29: 3379870526
2986116363Seed for process 
Seed for process 101: 1147818203Seed for process 117: 3346934098
Seed for process 
13Seed for process 93: 120336264
: 641165734378
: 711431808
Seed for process Seed for process 24: 1061183506
Seed for process Seed for process 16Seed for process 77: Seed for process 99: 3988435362
2177197817
Seed for process 67: 2990712883: Seed for process 75: 1215113556
Seed for process 112: 835004971125Seed for process 107: 744373064
Seed for process 72: 1802635689Seed for process 85: 133750593Seed for process 115: 2552821082


Seed for process 32: 3362487394

Seed for process 91: 2669962051

Seed for process 109: 1711458931
59Seed for process 120: 2401635541
: : Seed for process 88: 417868251
17130676191764423256Seed for process 96: 3922618756
Seed for process 4: 1231526149


2592901439Seed for process 12: 4192134598

Seed for process 20: 4172838901
Seed for process 28: 4238089754
Seed for process 36: 715661834
Seed for process 44: 3110208351
Seed for process 52: 2564118623
Seed for process 60: 3570961428
Seed for process 68: 3565467526
Seed for process 76: 1198051215
Seed for process 84: 3473853171
Seed for process 92: 1786259753
Seed for process 100: 2004652379
Seed for process 108: 1580354845
Seed for process 116: 2998688522
Seed for process 124: 4116869015
Seed for process 56: 3608683685
Seed for process 6: 3177256541
Seed for process 14: 595351027
Seed for process 22: 3907111843
Seed for process 30: 3156722258
Seed for process 38: 3628271265
Seed for process 46: 3342085744
Seed for process 54: 276346207
Seed for process 62: 3306397850
Seed for process 70: 2504566288
Seed for process 78: 2097080181
Seed for process 86: 2210439956
Seed for process 94: 534650406
Seed for process 102: 2315264355
Seed for process 110: 3550146016
Seed for process 118: 2338207601
Seed for process 126: 3390184003
Seed for process Seed for process 26: 4078306834
Seed for process 50: 1555428219
Seed for process 58: 3825534427
Seed for process 74: 568160214
Seed for process 114: 1841499418
Seed for process 18: 2210475602
Seed for process 106: 3294971624
10Seed for process 34: 1767171790Seed for process 66: 49964204Seed for process 82: 66038496Seed for process 2: 2341539421
Seed for process 42: 1772458966

Seed for process 98: 970732214


Seed for process 90: 3318354290Seed for process 122: 1516615985

: 3179245102
Seed for process 1: 453296502
Seed for process 9: 1319487471
Seed for process 17: 3472711511
Seed for process 49: 3548971273
Seed for process 121: 3209233643
Seed for process 7: 625162384
Seed for process 15: 1555278845
Seed for process 23: 3233728917
Seed for process 31: 902539866
Seed for process 39: 2569105494
Seed for process 47: 1918657268
Seed for process 55: 3693471192
Seed for process 63: 437588831
Seed for process 71: 2599383076
Seed for process 79: 836650501
Seed for process 87: 1561432555
Seed for process 95: 1113432662
Seed for process 103: 2587157707
Seed for process 111: 4150485938
Seed for process 119: 2903220695
Seed for process 127: 839798959
Seed for process 25: 959632328
Seed for process 33: 2511545987
Seed for process 41: 2176489626
Seed for process 57: 213908482
Seed for process 65: 814496983
Seed for process 73: 271411852
Seed for process 81: 2156931041
Seed for process 89: 2072644851
Seed for process 97: 2987207729
Seed for process 105: 2635335312
Seed for process 113: 2325093115
