MPI_HOSTS =  -np 128 -hosts cnode1006,cnode1010,cnode1074,cnode1075,cnode1076,cnode1193,cnode1194,cnode1195 
Seed for process Seed for process 5318Seed for process : Seed for process : 563311940730Seed for process 30: 1800474547
Seed for process 35: 2825297463
379427506: 
54Seed for process Seed for process 
4127293540: 12352
3051826964Seed for process 27: 828155400
: : 1433715688
Seed for process 8: 1705864997
Seed for process Seed for process 48: 1749881019
Seed for process 21: 3066154030

Seed for process Seed for process 10: 2424247184Seed for process 64: 1328545683
Seed for process 85: 3114519581
Seed for process Seed for process 15: 2047457722
1144366636Seed for process 105: 1085433735Seed for process Seed for process 125Seed for process 14: 74901232
Seed for process 39: 1039376250
Seed for process 57Seed for process Seed for process 50: 3358665551
Seed for process 96: 2325074605
Seed for process 109: Seed for process 62: 88134847
Seed for process 
: 2645985704Seed for process 12: 1336909789

Seed for process 24: 673294922
: 6: 3936810979
Seed for process 23: 17972333
Seed for process 75: Seed for process 17: 4111537010Seed for process 20: 635817044
26721062979319
Seed for process 38: 1091348346
Seed for process 31: 932223299
567548705Seed for process 28: 1026102460
: : 3250847621Seed for process Seed for process 51: 3869193697Seed for process 25: 27157354060Seed for process 2: 36398116011826136019
Seed for process 22: 2742128355
Seed for process Seed for process 44: 2120669997


Seed for process 102Seed for process 55: 617422171

Seed for process 49: 1779590774: 1632398279
1506524553Seed for process 29
10311Seed for process 81: 3245775718Seed for process 
32: : : Seed for process 3: 537882897Seed for process 89: 4125095679Seed for process 100: 2710053650
Seed for process : 5181698901276475581
Seed for process 1: 34357067187642: 3651719931
4247844986
Seed for process 47: : 65: 3658950770: Seed for process 
Seed for process 2604290438702489498Seed for process 9: 15802584123764654616Seed for process 98: 28973262
Seed for process 0: 18440021921325279573
126Seed for process 63: 
Seed for process 97: 1802303198
66: 2915851854
Seed for process 104: 2634762455Seed for process Seed for process 46: 1175944740
Seed for process Seed for process 33: 2672485765Seed for process Seed for process 
61
2223244828
Seed for process 115: 3340716541
Seed for process 73: 3214431198116Seed for process 82: 2880345088

: : Seed for process Seed for process 59: 1196266017
Seed for process 121: 1985913307Seed for process 92: Seed for process 34: 4138588286
Seed for process 112: 17302377993714866083

Seed for process 19: 1879803087
Seed for process 41: 3141983354: 74
Seed for process 79Seed for process Seed for process 113: 32386487572855641071
: Seed for process 117308614610: 15924347172541916009Seed for process 16: 3531525155
: 
91758163591: 189735198

Seed for process 58: Seed for process 120: 1522914244Seed for process 
Seed for process 83: 2644415715
Seed for process 122: 25870979952058391101
70Seed for process 43431076087

Seed for process Seed for process 86: 4124737451
95: Seed for process 
88Seed for process 93: Seed for process 94: 3586207197: Seed for process 107: 1258858866Seed for process 124: 1781597879

: 3454197178
Seed for process 110: 1708609342
2158672250
Seed for process 4: Seed for process 7459537645Seed for process 118: 3654826177

42431350061366926150
114
: Seed for process 
Seed for process 36: : Seed for process 3216099113Seed for process Seed for process 68: 123115083562631780
Seed for process 67: 931365238
Seed for process 90: 1429265852: Seed for process 3203266763
Seed for process 106: 752627378
2878056431Seed for process 37: Seed for process 78: 638430869
99

Seed for process 13: 109372936
71: 
Seed for process 500746249
: Seed for process 119: 3391992461248161475140
1479463071

: 69
: 
1382757633: 1679470851Seed for process 84: 938412453


Seed for process 7108: 3371287049: Seed for process 87: 36996018952469228792Seed for process 127: 2028056521



Seed for process 111: 3336523768
Seed for process 101: 2026574805Seed for process 5: 
1411563230
1146865238
Seed for process 77: 1822940249
















