MPI_HOSTS =  -np 128 -hosts cnode1010,cnode1025,cnode1039,cnode1097,cnode1100,cnode1173,cnode1177,cnode1185 
Seed for process 3: 1710031654
Seed for process Seed for process Seed for process Seed for process 3610397107: : : : 29956304984636674910845392133493455972


Seed for process 
Seed for process 4: 2973480747
Seed for process 56: Seed for process Seed for process Seed for process Seed for process 4011Seed for process 92: 63Seed for process 25: 4172221379: Seed for process 27: 3627602009Seed for process 31: 1401571670
Seed for process 24: 2500264547

Seed for process 41: 2801477617Seed for process 72: 2434319647Seed for process 42: 3373256252

12: 3768462520

Seed for process 0: 4130164811Seed for process : Seed for process 124: Seed for process 55: 3543090509
11424581008
Seed for process 2: 342964504214028955153053287178Seed for process Seed for process 5: 1236513195
Seed for process 6: 4286932209
Seed for process 89: 1920377237
Seed for process 34: 1647233881


Seed for process 47: 4247806302
Seed for process 77: 3563766859
Seed for process Seed for process 73: 

Seed for process 51: 1123939014: Seed for process Seed for process 38: 1057388320
1038091824Seed for process 64: 
4207705843Seed for process 13: 1142900193
Seed for process 78: 2543035419

1432605869Seed for process 
Seed for process 45: 1169232497
Seed for process 102: 1570048204

Seed for process 112: 389823697199Seed for process 87: 
6660: 4233153703
: : 2115223130
4411261953704784113543920840



Seed for process Seed for process Seed for process 80: 37844367866815
Seed for process 19: 1527598866: : Seed for process 85: 2509063253
Seed for process 
1392517560891715843Seed for process 117: 3430991451
Seed for process 30: 1281471117
Seed for process 925235818
Seed for process 123: 4288888820

101Seed for process 46: 772943251
3348
Seed for process : Seed for process 54: 1328721628
: Seed for process Seed for process Seed for process 83: 31063199571162622525540Seed for process 62: 1421413472
2876508127Seed for process 32: 4172995546
Seed for process 35: 1235948992Seed for process 28: 
Seed for process 94: 1464431635
Seed for process 81: 907141862
Seed for process 88: 218719681282
2367751412Seed for process 14Seed for process 121: 1219308184


Seed for process 20: 1828809359Seed for process 61: : 
Seed for process 96: 490321321
: Seed for process 67: Seed for process 44: 3364461256932438676582Seed for process 2798328751Seed for process 75: Seed for process 76: 2483791381
Seed for process Seed for process 37: 3931778633
104: 1054914705
2585223641
Seed for process 100: 2993988048Seed for process 119: 2557983799
1146201305Seed for process 118: 1373019047
Seed for process 8: 
3568098145

Seed for process 7: Seed for process 21: Seed for process 2583601789Seed for process 43: 3479837716
330606673

Seed for process 70: 433068013
Seed for process 115: 
Seed for process 79: 1138017092
394706964
16
Seed for process 52: 24237377923
86: 2680725069Seed for process 84: 2831491058
Seed for process 22: 4006685303584797389Seed for process 91: 
Seed for process 53: 1987137987


Seed for process 108: 3110644418
Seed for process 109: 454475281: : 13885602671278952598


3420204687
: 

Seed for process 110: 3249174970Seed for process 59: 3817379552: Seed for process 71: 607408025
Seed for process 29: 
Seed for process 10: 1533025183

3850015805Seed for process 95: 1304077217Seed for process 69: 1095569533
Seed for process 2558488474
Seed for process 39: 4091168943192761826Seed for process 126: 1193064112114



: 

1074178658Seed for process 111: Seed for process 125: 2979412918
2327801806
Seed for process Seed for process 26: 588028676
: 120
Seed for process 127: 4245210426: Seed for process 1726490051

Seed for process 74: 263863077
: Seed for process 927296336Seed for process 58: 23054696863525094262Seed for process 49: 3358994987
Seed for process 106: 373525381
Seed for process 57: 1397441913

Seed for process 65: 994529437


Seed for process 9: 3192462674
Seed for process 98: 623911112105
Seed for process 17: 3971474156
18Seed for process 113: 1411618776
: : 5506826693269285743
Seed for process Seed for process 90: 1081613932
Seed for process 50: 336601844

122: 2930598897
